Сборка начата 19.12.2024 12:50:13.
Уровень детализации журнала: Normal.     1>Проект "C:\Users\admin\Documents\уник\3 СЕМ\КПО\19 лаба\lab_19\SE_asm01b\SE_asm01b.vcxproj" в узле 2 (целевые объекты Build).
     1>PrepareForBuild:
         Структурированный вывод включен. Форматирование диагностики компилятора будет отражать иерархию ошибок. Подробнее см. https://aka.ms/cpp/structured-output.
       InitializeBuildStatus:
         Обращение к "Debug\SE_asm01b.tlog\unsuccessfulbuild".
       _MASM:
         Assembling SE_asm01b.asm...
         cmd.exe /C "C:\Users\admin\AppData\Local\Temp\tmpde6a6310cf144ad3ac58b0376014a9e2.cmd"
         ml.exe /c /nologo /Zi /Fo"Debug\SE_asm01b.obj" /Fl"Debug\\" /W3 /errorReport:prompt  /TaSE_asm01b.asm
       Link:
         C:\Program Files\Microsoft Visual Studio\2022\Community\VC\Tools\MSVC\14.38.33130\bin\HostX86\x86\link.exe /ERRORREPORT:PROMPT /OUT:"C:\Users\admin\Documents\уник\3 СЕМ\КПО\19 лаба\lab_19\Debug\SE_asm01b.exe" /INCREMENTAL /ILK:"Debug\SE_asm01b.ilk" /NOLOGO kernel32.lib user32.lib gdi32.lib winspool.lib comdlg32.lib advapi32.lib shell32.lib ole32.lib oleaut32.lib uuid.lib odbc32.lib odbccp32.lib /MANIFEST /MANIFESTUAC:"level='asInvoker' uiAccess='false'" /manifest:embed /DEBUG /PDB:"C:\Users\admin\Documents\уник\3 СЕМ\КПО\19 лаба\lab_19\Debug\SE_asm01b.pdb" /SUBSYSTEM:WINDOWS /TLBID:1 /DYNAMICBASE /NXCOMPAT /IMPLIB:"C:\Users\admin\Documents\уник\3 СЕМ\КПО\19 лаба\lab_19\Debug\SE_asm01b.lib" /MACHINE:X86 Debug\SE_asm01b.obj
         SE_asm01b.vcxproj -> C:\Users\admin\Documents\уник\3 СЕМ\КПО\19 лаба\lab_19\Debug\SE_asm01b.exe
       FinalizeBuildStatus:
         Файл "Debug\SE_asm01b.tlog\unsuccessfulbuild" удаляется.
         Обращение к "Debug\SE_asm01b.tlog\SE_asm01b.lastbuildstate".
     1>Сборка проекта "C:\Users\admin\Documents\уник\3 СЕМ\КПО\19 лаба\lab_19\SE_asm01b\SE_asm01b.vcxproj" завершена (целевые объекты Build).

Сборка успешно завершена.
    Предупреждений: 0
    Ошибок: 0

Прошло времени 00:00:00.92
