c:\users\admin\documents\se_lab14\se_lab14\debug\vc143.pdb
c:\users\admin\documents\se_lab14\se_lab14\debug\vc143.idb
c:\users\admin\documents\se_lab14\se_lab14\debug\selab17.obj
c:\users\admin\documents\se_lab14\se_lab14\debug\parm.obj
c:\users\admin\documents\se_lab14\se_lab14\debug\out.obj
c:\users\admin\documents\se_lab14\se_lab14\debug\log.obj
c:\users\admin\documents\se_lab14\se_lab14\debug\lexanalysis.obj
c:\users\admin\documents\se_lab14\se_lab14\debug\lt.obj
c:\users\admin\documents\se_lab14\se_lab14\debug\in.obj
c:\users\admin\documents\se_lab14\se_lab14\debug\it.obj
c:\users\admin\documents\se_lab14\se_lab14\debug\fst.obj
c:\users\admin\documents\se_lab14\se_lab14\debug\error.obj
c:\users\admin\documents\se_lab14\debug\selab17.exe
c:\users\admin\documents\se_lab14\se_lab14\debug\selab17.ilk
c:\users\admin\documents\se_lab14\debug\selab17.pdb
c:\users\admin\documents\se_lab14\se_lab14\debug\se_lab14.ilk
c:\users\admin\documents\se_lab14\se_lab14\debug\selab17.tlog\cl.command.1.tlog
c:\users\admin\documents\se_lab14\se_lab14\debug\selab17.tlog\cl.items.tlog
c:\users\admin\documents\se_lab14\se_lab14\debug\selab17.tlog\cl.read.1.tlog
c:\users\admin\documents\se_lab14\se_lab14\debug\selab17.tlog\cl.write.1.tlog
c:\users\admin\documents\se_lab14\se_lab14\debug\selab17.tlog\link.command.1.tlog
c:\users\admin\documents\se_lab14\se_lab14\debug\selab17.tlog\link.read.1.tlog
c:\users\admin\documents\se_lab14\se_lab14\debug\selab17.tlog\link.write.1.tlog
