Сборка начата 18.12.2024 23:20:35.
Уровень детализации журнала: Normal.     1>Проект "C:\Users\admin\Documents\уник\3 СЕМ\КПО\20 лаба\lab_20\lab_20\lab_20.vcxproj" в узле 2 (целевые объекты Build).
     1>PrepareForBuild:
         Структурированный вывод включен. Форматирование диагностики компилятора будет отражать иерархию ошибок. Подробнее см. https://aka.ms/cpp/structured-output.
         Создание каталога "C:\Users\admin\Documents\уник\3 СЕМ\КПО\20 лаба\lab_20\Debug\".
         Создание каталога "Debug\lab_20.tlog\".
       InitializeBuildStatus:
         Создание "Debug\lab_20.tlog\unsuccessfulbuild", так как было задано "AlwaysCreate".
         Обращение к "Debug\lab_20.tlog\unsuccessfulbuild".
       ClCompile:
         C:\Program Files\Microsoft Visual Studio\2022\Community\VC\Tools\MSVC\14.38.33130\bin\HostX86\x86\CL.exe /c /ZI /JMC /nologo /W3 /WX- /diagnostics:column /sdl /Od /Oy- /D WIN32 /D _DEBUG /D _CONSOLE /D _UNICODE /D UNICODE /Gm- /EHsc /RTC1 /MDd /GS /fp:precise /Zc:wchar_t /Zc:forScope /Zc:inline /permissive- /Fo"Debug\\" /Fd"Debug\vc143.pdb" /external:W3 /Gd /TP /analyze- /FC /errorReport:prompt Error.cpp FST.cpp GRB.cpp In.cpp IT.cpp Lab20.cpp LexAnalysis.cpp Log.cpp LT.cpp MFST.cpp Out.cpp Parm.cpp PolishNotation.cpp
         Error.cpp
         FST.cpp
     1>C:\Users\admin\Documents\уник\3 СЕМ\КПО\20 лаба\lab_20\lab_20\FST.cpp(62,17): warning C4267: инициализация: преобразование из "size_t" в "short"; возможна потеря данных
         GRB.cpp
         In.cpp
         IT.cpp
     1>C:\Users\admin\Documents\уник\3 СЕМ\КПО\20 лаба\lab_20\lab_20\IT.cpp(79,32): warning C4267: =: преобразование из "size_t" в "unsigned char"; возможна потеря данных
     1>C:\Users\admin\Documents\уник\3 СЕМ\КПО\20 лаба\lab_20\lab_20\IT.cpp(99,32): warning C4267: =: преобразование из "size_t" в "unsigned char"; возможна потеря данных
         Lab20.cpp
     1>C:\Users\admin\Documents\уник\3 СЕМ\КПО\20 лаба\lab_20\lab_20\Lab20.cpp(35,28): warning C4101: lt_position: неиспользованная локальная переменная
         LexAnalysis.cpp
     1>C:\Users\admin\Documents\уник\3 СЕМ\КПО\20 лаба\lab_20\lab_20\LexAnalysis.cpp(80,17): warning C4305: =: усечение из "int" в "char"
     1>C:\Users\admin\Documents\уник\3 СЕМ\КПО\20 лаба\lab_20\lab_20\LexAnalysis.cpp(80,17): warning C4309: =: усечение константного значения
         Log.cpp
         LT.cpp
         MFST.cpp
     1>C:\Users\admin\Documents\уник\3 СЕМ\КПО\20 лаба\lab_20\lab_20\MFST.cpp(236,66): warning C4267: =: преобразование из "size_t" в "short"; возможна потеря данных
         Out.cpp
         Parm.cpp
         PolishNotation.cpp
     1>C:\Users\admin\Documents\уник\3 СЕМ\КПО\20 лаба\lab_20\lab_20\PolishNotation.cpp(74,21): warning C4129: @: неизвестная escape-последовательность
         Создание кода...
     1>C:\Users\admin\Documents\уник\3 СЕМ\КПО\20 лаба\lab_20\lab_20\PolishNotation.cpp(16): warning C4715: PolishNotation::Stack::push: значение возвращается не при всех путях выполнения
     1>C:\Users\admin\Documents\уник\3 СЕМ\КПО\20 лаба\lab_20\lab_20\PolishNotation.cpp(28): warning C4715: PolishNotation::Stack::push: значение возвращается не при всех путях выполнения
     1>C:\Users\admin\Documents\уник\3 СЕМ\КПО\20 лаба\lab_20\lab_20\PolishNotation.cpp(40): warning C4172: возвращение адреса локальной или временной переменной : temp
     1>C:\Users\admin\Documents\уник\3 СЕМ\КПО\20 лаба\lab_20\lab_20\LT.cpp(23): warning C4715: LT::LexTable::GetEntry: значение возвращается не при всех путях выполнения
     1>C:\Users\admin\Documents\уник\3 СЕМ\КПО\20 лаба\lab_20\lab_20\IT.cpp(160): warning C4715: IT::IdTable::GetEntry: значение возвращается не при всех путях выполнения
     1>C:\Users\admin\Documents\уник\3 СЕМ\КПО\20 лаба\lab_20\lab_20\IT.cpp(192): warning C4172: возвращение адреса локальной или временной переменной : buffer
       Link:
         C:\Program Files\Microsoft Visual Studio\2022\Community\VC\Tools\MSVC\14.38.33130\bin\HostX86\x86\link.exe /ERRORREPORT:PROMPT /OUT:"C:\Users\admin\Documents\уник\3 СЕМ\КПО\20 лаба\lab_20\Debug\lab_20.exe" /INCREMENTAL /ILK:"Debug\lab_20.ilk" /NOLOGO kernel32.lib user32.lib gdi32.lib winspool.lib comdlg32.lib advapi32.lib shell32.lib ole32.lib oleaut32.lib uuid.lib odbc32.lib odbccp32.lib /MANIFEST /MANIFESTUAC:"level='asInvoker' uiAccess='false'" /manifest:embed /DEBUG /PDB:"C:\Users\admin\Documents\уник\3 СЕМ\КПО\20 лаба\lab_20\Debug\lab_20.pdb" /SUBSYSTEM:CONSOLE /TLBID:1 /DYNAMICBASE /NXCOMPAT /IMPLIB:"C:\Users\admin\Documents\уник\3 СЕМ\КПО\20 лаба\lab_20\Debug\lab_20.lib" /MACHINE:X86 Debug\Error.obj
         Debug\FST.obj
         Debug\GRB.obj
         Debug\In.obj
         Debug\IT.obj
         Debug\Lab20.obj
         Debug\LexAnalysis.obj
         Debug\Log.obj
         Debug\LT.obj
         Debug\MFST.obj
         Debug\Out.obj
         Debug\Parm.obj
         Debug\PolishNotation.obj
         lab_20.vcxproj -> C:\Users\admin\Documents\уник\3 СЕМ\КПО\20 лаба\lab_20\Debug\lab_20.exe
       FinalizeBuildStatus:
         Файл "Debug\lab_20.tlog\unsuccessfulbuild" удаляется.
         Обращение к "Debug\lab_20.tlog\lab_20.lastbuildstate".
     1>Сборка проекта "C:\Users\admin\Documents\уник\3 СЕМ\КПО\20 лаба\lab_20\lab_20\lab_20.vcxproj" завершена (целевые объекты Build).

Сборка успешно завершена.

       "C:\Users\admin\Documents\уник\3 СЕМ\КПО\20 лаба\lab_20\lab_20\lab_20.vcxproj" (целевой объект Build ) (1) ->
       (Целевой объект ClCompile) -> 
         C:\Users\admin\Documents\уник\3 СЕМ\КПО\20 лаба\lab_20\lab_20\FST.cpp(62,17): warning C4267: инициализация: преобразование из "size_t" в "short"; возможна потеря данных
         C:\Users\admin\Documents\уник\3 СЕМ\КПО\20 лаба\lab_20\lab_20\IT.cpp(79,32): warning C4267: =: преобразование из "size_t" в "unsigned char"; возможна потеря данных
         C:\Users\admin\Documents\уник\3 СЕМ\КПО\20 лаба\lab_20\lab_20\IT.cpp(99,32): warning C4267: =: преобразование из "size_t" в "unsigned char"; возможна потеря данных
         C:\Users\admin\Documents\уник\3 СЕМ\КПО\20 лаба\lab_20\lab_20\Lab20.cpp(35,28): warning C4101: lt_position: неиспользованная локальная переменная
         C:\Users\admin\Documents\уник\3 СЕМ\КПО\20 лаба\lab_20\lab_20\LexAnalysis.cpp(80,17): warning C4305: =: усечение из "int" в "char"
         C:\Users\admin\Documents\уник\3 СЕМ\КПО\20 лаба\lab_20\lab_20\LexAnalysis.cpp(80,17): warning C4309: =: усечение константного значения
         C:\Users\admin\Documents\уник\3 СЕМ\КПО\20 лаба\lab_20\lab_20\MFST.cpp(236,66): warning C4267: =: преобразование из "size_t" в "short"; возможна потеря данных
         C:\Users\admin\Documents\уник\3 СЕМ\КПО\20 лаба\lab_20\lab_20\PolishNotation.cpp(74,21): warning C4129: @: неизвестная escape-последовательность
         C:\Users\admin\Documents\уник\3 СЕМ\КПО\20 лаба\lab_20\lab_20\PolishNotation.cpp(16): warning C4715: PolishNotation::Stack::push: значение возвращается не при всех путях выполнения
         C:\Users\admin\Documents\уник\3 СЕМ\КПО\20 лаба\lab_20\lab_20\PolishNotation.cpp(28): warning C4715: PolishNotation::Stack::push: значение возвращается не при всех путях выполнения
         C:\Users\admin\Documents\уник\3 СЕМ\КПО\20 лаба\lab_20\lab_20\PolishNotation.cpp(40): warning C4172: возвращение адреса локальной или временной переменной : temp
         C:\Users\admin\Documents\уник\3 СЕМ\КПО\20 лаба\lab_20\lab_20\LT.cpp(23): warning C4715: LT::LexTable::GetEntry: значение возвращается не при всех путях выполнения
         C:\Users\admin\Documents\уник\3 СЕМ\КПО\20 лаба\lab_20\lab_20\IT.cpp(160): warning C4715: IT::IdTable::GetEntry: значение возвращается не при всех путях выполнения
         C:\Users\admin\Documents\уник\3 СЕМ\КПО\20 лаба\lab_20\lab_20\IT.cpp(192): warning C4172: возвращение адреса локальной или временной переменной : buffer

    Предупреждений: 14
    Ошибок: 0

Прошло времени 00:00:08.11
