Сборка начата 28.11.2024 15:43:06.
Уровень детализации журнала: Normal.     1>Проект "C:\Users\admin\Documents\уник\3 СЕМ\КПО\18 лаба\р.лаба18\SE_lab17\SE_lab17\SE_lab17.vcxproj" в узле 2 (целевые объекты Build).
     1>PrepareForBuild:
         Структурированный вывод включен. Форматирование диагностики компилятора будет отражать иерархию ошибок. Подробнее см. https://aka.ms/cpp/structured-output.
       InitializeBuildStatus:
         Создание "Debug\SE_lab17.tlog\unsuccessfulbuild", так как было задано "AlwaysCreate".
         Обращение к "Debug\SE_lab17.tlog\unsuccessfulbuild".
       ClCompile:
         C:\Program Files\Microsoft Visual Studio\2022\Community\VC\Tools\MSVC\14.38.33130\bin\HostX86\x86\CL.exe /c /ZI /JMC /nologo /W3 /WX- /diagnostics:column /sdl /Od /Oy- /D WIN32 /D _DEBUG /D _CONSOLE /D _UNICODE /D UNICODE /Gm- /EHsc /RTC1 /MDd /GS /fp:precise /Zc:wchar_t /Zc:forScope /Zc:inline /permissive- /Fo"Debug\\" /Fd"Debug\vc143.pdb" /external:W3 /Gd /TP /analyze- /FC /errorReport:prompt GRB.cpp MFST.cpp
         GRB.cpp
         MFST.cpp
     1>C:\Users\admin\Documents\уник\3 СЕМ\КПО\18 лаба\р.лаба18\SE_lab17\SE_lab17\MFST.cpp(309,72): warning C4267: =: преобразование из "size_t" в "short"; возможна потеря данных
         Создание кода...
       Link:
         C:\Program Files\Microsoft Visual Studio\2022\Community\VC\Tools\MSVC\14.38.33130\bin\HostX86\x86\link.exe /ERRORREPORT:PROMPT /OUT:"C:\Users\admin\Documents\уник\3 СЕМ\КПО\18 лаба\р.лаба18\SE_lab17\Debug\SE_lab17.exe" /INCREMENTAL /ILK:"Debug\SE_lab17.ilk" /NOLOGO kernel32.lib user32.lib gdi32.lib winspool.lib comdlg32.lib advapi32.lib shell32.lib ole32.lib oleaut32.lib uuid.lib odbc32.lib odbccp32.lib /MANIFEST /MANIFESTUAC:"level='asInvoker' uiAccess='false'" /manifest:embed /DEBUG /PDB:"C:\Users\admin\Documents\уник\3 СЕМ\КПО\18 лаба\р.лаба18\SE_lab17\Debug\SE_lab17.pdb" /SUBSYSTEM:CONSOLE /TLBID:1 /DYNAMICBASE /NXCOMPAT /IMPLIB:"C:\Users\admin\Documents\уник\3 СЕМ\КПО\18 лаба\р.лаба18\SE_lab17\Debug\SE_lab17.lib" /MACHINE:X86 Debug\Error.obj
         Debug\Fst.obj
         Debug\GRB.obj
         Debug\In.obj
         Debug\IT.obj
         Debug\LA.obj
         Debug\Log.obj
         Debug\LT.obj
         Debug\MFST.obj
         Debug\Out.obj
         Debug\Parm.obj
         Debug\SE_lab17.obj
         SE_lab17.vcxproj -> C:\Users\admin\Documents\уник\3 СЕМ\КПО\18 лаба\р.лаба18\SE_lab17\Debug\SE_lab17.exe
       FinalizeBuildStatus:
         Файл "Debug\SE_lab17.tlog\unsuccessfulbuild" удаляется.
         Обращение к "Debug\SE_lab17.tlog\SE_lab17.lastbuildstate".
     1>Сборка проекта "C:\Users\admin\Documents\уник\3 СЕМ\КПО\18 лаба\р.лаба18\SE_lab17\SE_lab17\SE_lab17.vcxproj" завершена (целевые объекты Build).

Сборка успешно завершена.

       "C:\Users\admin\Documents\уник\3 СЕМ\КПО\18 лаба\р.лаба18\SE_lab17\SE_lab17\SE_lab17.vcxproj" (целевой объект Build ) (1) ->
       (Целевой объект ClCompile) -> 
         C:\Users\admin\Documents\уник\3 СЕМ\КПО\18 лаба\р.лаба18\SE_lab17\SE_lab17\MFST.cpp(309,72): warning C4267: =: преобразование из "size_t" в "short"; возможна потеря данных

    Предупреждений: 1
    Ошибок: 0

Прошло времени 00:00:02.10
