Сборка начата 02.10.2024 12:38:09.
Уровень детализации журнала: Normal.     1>Проект "C:\Users\admin\Documents\уник\3 СЕМ\КПО\17 лаба\SELab17\SELab17\SELab17.vcxproj" в узле 2 (целевые объекты Build).
     1>PrepareForBuild:
         Структурированный вывод включен. Форматирование диагностики компилятора будет отражать иерархию ошибок. Подробнее см. https://aka.ms/cpp/structured-output.
       InitializeBuildStatus:
         Обращение к "x64\Debug\SELab17.tlog\unsuccessfulbuild".
       ClCompile:
         C:\Program Files\Microsoft Visual Studio\2022\Community\VC\Tools\MSVC\14.38.33130\bin\HostX64\x64\CL.exe /c /ZI /JMC /nologo /W3 /WX- /diagnostics:column /sdl /Od /D _DEBUG /D _CONSOLE /D _UNICODE /D UNICODE /Gm- /EHsc /RTC1 /MDd /GS /fp:precise /Zc:wchar_t /Zc:forScope /Zc:inline /permissive- /Fo"x64\Debug\\" /Fd"x64\Debug\vc143.pdb" /external:W3 /Gd /TP /FC /errorReport:prompt Error.cpp FST.cpp In.cpp IT.cpp Lab17.cpp LexAnalysis.cpp Log.cpp LT.cpp Out.cpp Parm.cpp
         Error.cpp
         FST.cpp
     1>C:\Users\admin\Documents\уник\3 СЕМ\КПО\17 лаба\SELab17\SELab17\FST.cpp(62,17): warning C4267: инициализация: преобразование из "size_t" в "short"; возможна потеря данных
         In.cpp
         IT.cpp
     1>C:\Users\admin\Documents\уник\3 СЕМ\КПО\17 лаба\SELab17\SELab17\IT.cpp(77,32): warning C4267: =: преобразование из "size_t" в "unsigned char"; возможна потеря данных
     1>C:\Users\admin\Documents\уник\3 СЕМ\КПО\17 лаба\SELab17\SELab17\IT.cpp(97,32): warning C4267: =: преобразование из "size_t" в "unsigned char"; возможна потеря данных
         Lab17.cpp
     1>C:\Users\admin\Documents\уник\3 СЕМ\КПО\17 лаба\SELab17\SELab17\Lab17.cpp(36,17): warning C4566: символ, представленный универсальным именем символа "\uFFFD", невозможно представить в текущей кодовой странице (1251)
     1>C:\Users\admin\Documents\уник\3 СЕМ\КПО\17 лаба\SELab17\SELab17\Lab17.cpp(17,5): warning C4102: Log: неиспользованная метка
         LexAnalysis.cpp
     1>C:\Users\admin\Documents\уник\3 СЕМ\КПО\17 лаба\SELab17\SELab17\LexAnalysis.cpp(80,17): warning C4305: =: усечение из "int" в "char"
     1>C:\Users\admin\Documents\уник\3 СЕМ\КПО\17 лаба\SELab17\SELab17\LexAnalysis.cpp(80,17): warning C4309: =: усечение константного значения
         Log.cpp
         LT.cpp
         Out.cpp
         Parm.cpp
         Создание кода...
     1>C:\Users\admin\Documents\уник\3 СЕМ\КПО\17 лаба\SELab17\SELab17\LT.cpp(23): warning C4715: LT::LexTable::GetEntry: значение возвращается не при всех путях выполнения
     1>C:\Users\admin\Documents\уник\3 СЕМ\КПО\17 лаба\SELab17\SELab17\IT.cpp(159): warning C4715: IT::IdTable::GetEntry: значение возвращается не при всех путях выполнения
     1>C:\Users\admin\Documents\уник\3 СЕМ\КПО\17 лаба\SELab17\SELab17\IT.cpp(189): warning C4172: возвращение адреса локальной или временной переменной : buffer
       Link:
         C:\Program Files\Microsoft Visual Studio\2022\Community\VC\Tools\MSVC\14.38.33130\bin\HostX64\x64\link.exe /ERRORREPORT:PROMPT /OUT:"C:\Users\admin\Documents\уник\3 СЕМ\КПО\17 лаба\SELab17\x64\Debug\SELab17.exe" /INCREMENTAL /ILK:"x64\Debug\SELab17.ilk" /NOLOGO kernel32.lib user32.lib gdi32.lib winspool.lib comdlg32.lib advapi32.lib shell32.lib ole32.lib oleaut32.lib uuid.lib odbc32.lib odbccp32.lib /MANIFEST /MANIFESTUAC:"level='asInvoker' uiAccess='false'" /manifest:embed /DEBUG /PDB:"C:\Users\admin\Documents\уник\3 СЕМ\КПО\17 лаба\SELab17\x64\Debug\SELab17.pdb" /SUBSYSTEM:CONSOLE /TLBID:1 /DYNAMICBASE /NXCOMPAT /IMPLIB:"C:\Users\admin\Documents\уник\3 СЕМ\КПО\17 лаба\SELab17\x64\Debug\SELab17.lib" /MACHINE:X64 x64\Debug\Error.obj
         x64\Debug\FST.obj
         x64\Debug\In.obj
         x64\Debug\IT.obj
         x64\Debug\Lab17.obj
         x64\Debug\LexAnalysis.obj
         x64\Debug\Log.obj
         x64\Debug\LT.obj
         x64\Debug\Out.obj
         x64\Debug\Parm.obj
         SELab17.vcxproj -> C:\Users\admin\Documents\уник\3 СЕМ\КПО\17 лаба\SELab17\x64\Debug\SELab17.exe
       FinalizeBuildStatus:
         Файл "x64\Debug\SELab17.tlog\unsuccessfulbuild" удаляется.
         Обращение к "x64\Debug\SELab17.tlog\SELab17.lastbuildstate".
     1>Сборка проекта "C:\Users\admin\Documents\уник\3 СЕМ\КПО\17 лаба\SELab17\SELab17\SELab17.vcxproj" завершена (целевые объекты Build).

Сборка успешно завершена.

       "C:\Users\admin\Documents\уник\3 СЕМ\КПО\17 лаба\SELab17\SELab17\SELab17.vcxproj" (целевой объект Build ) (1) ->
       (Целевой объект ClCompile) -> 
         C:\Users\admin\Documents\уник\3 СЕМ\КПО\17 лаба\SELab17\SELab17\FST.cpp(62,17): warning C4267: инициализация: преобразование из "size_t" в "short"; возможна потеря данных
         C:\Users\admin\Documents\уник\3 СЕМ\КПО\17 лаба\SELab17\SELab17\IT.cpp(77,32): warning C4267: =: преобразование из "size_t" в "unsigned char"; возможна потеря данных
         C:\Users\admin\Documents\уник\3 СЕМ\КПО\17 лаба\SELab17\SELab17\IT.cpp(97,32): warning C4267: =: преобразование из "size_t" в "unsigned char"; возможна потеря данных
         C:\Users\admin\Documents\уник\3 СЕМ\КПО\17 лаба\SELab17\SELab17\Lab17.cpp(36,17): warning C4566: символ, представленный универсальным именем символа "\uFFFD", невозможно представить в текущей кодовой странице (1251)
         C:\Users\admin\Documents\уник\3 СЕМ\КПО\17 лаба\SELab17\SELab17\Lab17.cpp(17,5): warning C4102: Log: неиспользованная метка
         C:\Users\admin\Documents\уник\3 СЕМ\КПО\17 лаба\SELab17\SELab17\LexAnalysis.cpp(80,17): warning C4305: =: усечение из "int" в "char"
         C:\Users\admin\Documents\уник\3 СЕМ\КПО\17 лаба\SELab17\SELab17\LexAnalysis.cpp(80,17): warning C4309: =: усечение константного значения
         C:\Users\admin\Documents\уник\3 СЕМ\КПО\17 лаба\SELab17\SELab17\LT.cpp(23): warning C4715: LT::LexTable::GetEntry: значение возвращается не при всех путях выполнения
         C:\Users\admin\Documents\уник\3 СЕМ\КПО\17 лаба\SELab17\SELab17\IT.cpp(159): warning C4715: IT::IdTable::GetEntry: значение возвращается не при всех путях выполнения
         C:\Users\admin\Documents\уник\3 СЕМ\КПО\17 лаба\SELab17\SELab17\IT.cpp(189): warning C4172: возвращение адреса локальной или временной переменной : buffer

    Предупреждений: 10
    Ошибок: 0

Прошло времени 00:00:04.73
